<?xml version="1.0" encoding="UTF-8"?>
<!-- Generated by org.testng.reporters.JUnitReportReporter -->
<testsuite hostname="DESKTOP-2O7A7D4" name="functionality.Login" tests="1" failures="0" timestamp="17 Jan 2022 05:09:48 GMT" time="17.567" errors="0">
  <testcase name="loginPage" time="17.567" classname="functionality.Login"/>
</testsuite> <!-- functionality.Login -->
