<?xml version="1.0" encoding="UTF-8"?>
<!-- Generated by org.testng.reporters.JUnitReportReporter -->
<testsuite hostname="DESKTOP-2O7A7D4" name="example1.AmazonDemo" tests="1" failures="0" timestamp="13 Jan 2022 10:02:58 GMT" time="86.652" errors="0">
  <testcase name="amazon" time="86.652" classname="example1.AmazonDemo"/>
</testsuite> <!-- example1.AmazonDemo -->
