<?xml version="1.0" encoding="UTF-8"?>
<!-- Generated by org.testng.reporters.JUnitReportReporter -->
<testsuite hostname="DESKTOP-2O7A7D4" name="functionality.Register" tests="1" failures="0" timestamp="17 Jan 2022 05:13:10 GMT" time="29.514" errors="0">
  <testcase name="registrationPage" time="29.514" classname="functionality.Register"/>
</testsuite> <!-- functionality.Register -->
