<?xml version="1.0" encoding="UTF-8"?>
<!-- Generated by org.testng.reporters.JUnitReportReporter -->
<testsuite hostname="DESKTOP-2O7A7D4" name="functionality.Amazon" tests="4" failures="0" timestamp="19 Jan 2022 09:56:40 GMT" time="267.876" errors="0">
  <testcase name="searchPage" time="61.837" classname="functionality.Amazon"/>
  <testcase name="addCart" time="79.935" classname="functionality.Amazon"/>
  <testcase name="registrationPage" time="85.325" classname="functionality.Amazon"/>
  <testcase name="loginPage" time="40.779" classname="functionality.Amazon"/>
</testsuite> <!-- functionality.Amazon -->
